PASS PG [0.24,0.241] lam=n=1 val=[-0.002 +/- 9.62e-4] (0.6s)
PASS PG [0.241,0.242] lam=n=1 val=[-0.002 +/- 9.45e-4] (0.6s)
PASS PG [0.242,0.243] lam=n=1 val=[-0.002 +/- 9.29e-4] (0.6s)
PASS PG [0.243,0.244] lam=n=1 val=[-0.002 +/- 9.11e-4] (0.6s)
PASS PG [0.244,0.245] lam=n=1 val=[-0.002 +/- 8.94e-4] (0.6s)
PASS PG [0.245,0.246] lam=n=1 val=[-0.002 +/- 8.77e-4] (0.6s)
PASS PG [0.246,0.247] lam=n=1 val=[-0.002 +/- 8.59e-4] (0.6s)
PASS PG [0.247,0.248] lam=n=1 val=[-0.002 +/- 8.41e-4] (0.5s)
PASS PG [0.248,0.249] lam=n=1 val=[-0.002 +/- 8.23e-4] (0.6s)
PASS PG [0.249,0.250] lam=n=1 val=[-0.002 +/- 8.05e-4] (0.6s)
PASS PG [0.250,0.251] lam=n=1 val=[-0.002 +/- 7.87e-4] (0.6s)
PASS PG [0.251,0.252] lam=n=1 val=[-0.002 +/- 7.69e-4] (0.6s)
PASS PG [0.252,0.253] lam=n=1 val=[-0.002 +/- 7.51e-4] (0.6s)
PASS PG [0.253,0.254] lam=n=1 val=[-0.002 +/- 7.32e-4] (0.7s)
PASS PG [0.254,0.255] lam=n=1 val=[-0.002 +/- 7.13e-4] (0.6s)
PASS PG [0.255,0.256] lam=n=1 val=[-0.002 +/- 6.94e-4] (0.6s)
PASS PG [0.256,0.257] lam=n=1 val=[-0.002 +/- 6.92e-4] (0.6s)
PASS PG [0.257,0.258] lam=n=1 val=[-0.002 +/- 7.12e-4] (0.6s)
PASS PG [0.258,0.259] lam=n=1 val=[-0.002 +/- 7.33e-4] (0.6s)
PASS PG [0.259,0.260] lam=n=1 val=[-0.002 +/- 7.54e-4] (0.6s)
PASS PG [0.260,0.261] lam=n=1 val=[-0.002 +/- 7.74e-4] (0.7s)
PASS PG [0.261,0.262] lam=n=1 val=[-0.002 +/- 7.95e-4] (0.7s)
PASS PG [0.262,0.263] lam=n=1 val=[-0.002 +/- 8.16e-4] (0.6s)
PASS PG [0.263,0.264] lam=n=1 val=[-0.002 +/- 8.37e-4] (0.7s)
PASS PG [0.264,0.265] lam=n=1 val=[-0.002 +/- 8.59e-4] (0.6s)
PASS PG [0.265,0.266] lam=n=1 val=[-0.002 +/- 8.80e-4] (0.6s)
PASS PG [0.266,0.267] lam=n=1 val=[-0.002 +/- 9.01e-4] (0.6s)
PASS PG [0.267,0.268] lam=n=1 val=[-0.002 +/- 9.23e-4] (0.6s)
PASS PG [0.268,0.269] lam=n=1 val=[-0.002 +/- 9.46e-4] (0.7s)
PASS PG [0.269,0.270] lam=n=1 val=[-0.002 +/- 9.67e-4] (0.6s)
PASS PG [0.270,0.271] lam=n=1 val=[-0.002 +/- 9.92e-4] (0.7s)
PASS PG [0.271,0.272] lam=n=1 val=[+/- 3.02e-3] (0.7s)
PASS PG [0.272,0.273] lam=n=1 val=[+/- 3.04e-3] (0.6s)
PASS PG [0.273,0.274] lam=n=1 val=[+/- 3.06e-3] (0.6s)
PASS PG [0.274,0.275] lam=n=1 val=[+/- 3.09e-3] (0.6s)
PASS PG [0.275,0.276] lam=n=1 val=[+/- 3.11e-3] (0.6s)
PASS PG [0.276,0.277] lam=n=1 val=[+/- 3.13e-3] (0.6s)
PASS PG [0.277,0.278] lam=n=1 val=[+/- 3.15e-3] (0.6s)
PASS PG [0.278,0.279] lam=n=1 val=[+/- 3.18e-3] (0.6s)
PASS PG [0.279,0.280] lam=n=1 val=[+/- 3.20e-3] (0.6s)
PASS PG [0.280,0.281] lam=n=1 val=[+/- 3.22e-3] (0.6s)
PASS PG [0.281,0.282] lam=n=1 val=[+/- 3.25e-3] (0.7s)
PASS PG [0.282,0.283] lam=n=1 val=[+/- 3.27e-3] (0.6s)
PASS PG [0.283,0.284] lam=n=1 val=[+/- 3.29e-3] (0.6s)
PASS PG [0.284,0.285] lam=n=1 val=[+/- 3.32e-3] (0.6s)
PASS PG [0.285,0.287] lam=n=1 val=[+/- 3.92e-3] (0.5s)
PASS PG [0.287,0.289] lam=n=1 val=[+/- 3.97e-3] (0.6s)
PASS PG [0.289,0.291] lam=n=1 val=[+/- 4.02e-3] (0.6s)
PASS PG [0.291,0.293] lam=n=1 val=[+/- 4.07e-3] (0.6s)
PASS PG [0.293,0.295] lam=n=1 val=[+/- 4.12e-3] (0.5s)
PASS PG [0.295,0.297] lam=n=1 val=[+/- 4.17e-3] (0.5s)
PASS PG [0.297,0.299] lam=n=1 val=[+/- 4.23e-3] (0.6s)
PASS PG [0.299,0.301] lam=n=1 val=[+/- 4.28e-3] (0.5s)
PASS PG [0.301,0.303] lam=n=1 val=[+/- 4.33e-3] (0.5s)
PASS PG [0.303,0.305] lam=n=1 val=[+/- 4.39e-3] (0.5s)
PASS PG [0.305,0.307] lam=n=1 val=[+/- 4.44e-3] (0.5s)
PASS PG [0.307,0.309] lam=n=1 val=[+/- 4.50e-3] (0.5s)
PASS PG [0.309,0.311] lam=n=1 val=[+/- 4.55e-3] (0.5s)
PASS PG [0.311,0.313] lam=n=1 val=[+/- 4.61e-3] (0.6s)
PASS PG [0.313,0.315] lam=n=1 val=[+/- 4.67e-3] (0.6s)
PASS PG [0.315,0.318] lam=n=1 val=[+/- 5.32e-3] (0.6s)
PASS PG [0.318,0.321] lam=n=1 val=[+/- 5.41e-3] (0.6s)
PASS PG [0.321,0.324] lam=n=1 val=[+/- 5.50e-3] (0.6s)
PASS PG [0.324,0.327] lam=n=1 val=[+/- 5.60e-3] (0.5s)
PASS PG [0.327,0.330] lam=n=1 val=[+/- 5.69e-3] (0.6s)
PASS PG [0.330,0.333] lam=n=1 val=[+/- 5.79e-3] (0.6s)
PASS PG [0.333,0.336] lam=n=1 val=[+/- 5.88e-3] (0.6s)
PASS PG [0.336,0.339] lam=n=1 val=[+/- 5.98e-3] (0.5s)
PASS PG [0.339,0.342] lam=n=1 val=[+/- 6.08e-3] (0.5s)
PASS PG [0.342,0.346] lam=n=1 val=[+/- 6.80e-3] (0.5s)
PASS PG [0.346,0.350] lam=n=1 val=[+/- 6.94e-3] (0.6s)
PASS PG [0.350,0.354] lam=n=1 val=[+/- 7.08e-3] (0.5s)
PASS PG [0.354,0.358] lam=n=1 val=[+/- 7.23e-3] (0.5s)
PASS PG [0.358,0.362] lam=n=1 val=[+/- 7.38e-3] (0.6s)
PASS PG [0.362,0.366] lam=n=1 val=[+/- 7.53e-3] (0.6s)
PASS PG [0.366,0.371] lam=n=1 val=[+/- 8.33e-3] (0.6s)
PASS PG [0.371,0.376] lam=n=1 val=[+/- 8.53e-3] (0.6s)
PASS PG [0.376,0.381] lam=n=1 val=[+/- 8.74e-3] (0.6s)
PASS PG [0.381,0.386] lam=n=1 val=[+/- 8.95e-3] (0.6s)
PASS PG [0.386,0.392] lam=n=1 val=[+/- 9.82e-3] (0.5s)
PASS PG [0.392,0.398] lam=n=1 val=[+/- 0.0101] (0.6s)
PASS PG [0.398,0.404] lam=n=1 val=[+/- 0.0104] (0.6s)
PASS PG [0.404,0.411] lam=n=1 val=[+/- 0.0114] (0.5s)
PASS PG [0.411,0.418] lam=n=1 val=[+/- 0.0117] (0.6s)
PASS PG [0.418,0.425] lam=n=1 val=[+/- 0.0121] (0.6s)
PASS PG [0.425,0.433] lam=n=1 val=[+/- 0.0131] (0.6s)
PASS PG [0.433,0.441] lam=n=1 val=[+/- 0.0135] (0.6s)
PASS PG [0.441,0.45] lam=n=1 val=[+/- 0.0147] (0.6s)
PASS PG [0.45,0.46] lam=n=1 val=[+/- 0.0160] (0.6s)
PASS PG [0.46,0.47] lam=n=1 val=[+/- 0.0166] (0.6s)
PASS PG [0.47,0.48] lam=n=1 val=[-0.01 +/- 7.17e-3] (0.6s)
PASS PG [0.48,0.49] lam=n=1 val=[-0.01 +/- 7.83e-3] (0.6s)
PASS PG [0.49,0.50] lam=n=1 val=[-0.01 +/- 8.52e-3] (0.6s)
PASS PG [0.50,0.51] lam=n=1 val=[-0.01 +/- 9.23e-3] (0.7s)
PASS PG [0.51,0.52] lam=n=1 val=[+/- 0.0200] (0.6s)
PASS PG [0.52,0.53] lam=n=1 val=[+/- 0.0208] (0.6s)
PASS PG [0.53,0.54] lam=n=1 val=[+/- 0.0216] (0.7s)
PASS PG [0.54,0.55] lam=n=1 val=[+/- 0.0224] (0.6s)
PASS PG [0.55,0.56] lam=n=1 val=[+/- 0.0232] (0.6s)
PASS PG [0.56,0.57] lam=n=1 val=[+/- 0.0241] (0.6s)
PASS PG [0.57,0.59] lam=n=1 val=[+/- 0.0336] (0.6s)
PASS PG [0.59,0.61] lam=n=1 val=[+/- 0.0357] (0.7s)
PASS PG [0.61,0.63] lam=n=1 val=[+/- 0.0379] (0.7s)
PASS PG [0.63,0.65] lam=n=1 val=[+/- 0.0403] (0.7s)
PASS PG [0.65,0.67] lam=n=1 val=[+/- 0.0428] (0.8s)
PASS PG [0.67,0.7] lam=n=3 val=[+/- 0.0404] | [+/- 0.0424] (2.1s)
PASS PG [0.7,0.73] lam=n=1 val=[+/- 0.0609] (0.8s)
PASS PG [0.73,0.76] lam=n=1 val=[+/- 0.0661] (0.8s)
PASS PG [0.76,0.8] lam=n=3 val=[+/- 0.0592] | [+/- 0.0627] (2.3s)
PASS PG [0.8,0.84] lam=n=3 val=[+/- 0.0664] | [+/- 0.0702] (2.1s)
PASS PG [0.84,0.88] lam=n=3 val=[+/- 0.0743] | [+/- 0.0786] (2.1s)
PASS PG [0.88,0.92] lam=n=3 val=[+/- 0.0833] | [+/- 0.0885] (2.6s)
PASS PG [0.92,0.95] lam=n=3 val=[+/- 0.0907] | [+/- 0.0928] (1.2s)
PASS PG [0.95,0.98] lam=n=3 val=[+/- 0.0945] | [+/- 0.0964] (1.3s)
PASS PG [0.98,0.99] lam=n=1 val=[+/- 0.0885] (0.4s)
PASS QG [-0.181,-0.18] lam=n=1 val=[+/- 2.91e-3] (14209.2s)
PASS QG [-0.182,-0.181] lam=n=1 val=[+/- 2.95e-3] (14568.3s)
PASS QG [-0.183,-0.182] lam=n=1 val=[+/- 2.98e-3] (14612.1s)
